GOOD-JOB_2022-0511-(16.2.5)/app/build/outputs/mapping/release/seeds.txt
com.stepjump.goodjob.ListActivity1
com.stepjump.goodjob.MainActivity2
com.stepjump.goodjob.AdminActivity
com.stepjump.goodjob.MainActivity
com.stepjump.goodjob.ListActivity
com.stepjump.goodjob.ListModifyActivity
com.stepjump.goodjob.ListActivity2
com.stepjump.goodjob.RegisterUpdateActivity
com.stepjump.goodjob.OpenActivity
com.stepjump.goodjob.LoginActivity
com.stepjump.goodjob.ListViewItem2
com.stepjump.goodjob.RegisterActivity
com.stepjump.goodjob.ListViewItem1
com.stepjump.goodjob.Main_PassActivity
com.stepjump.goodjob.ListActivity1: ListActivity1()
com.stepjump.goodjob.MainActivity: void OnClickHandler_date(android.view.View)
com.stepjump.goodjob.AdminActivity: AdminActivity()
com.stepjump.goodjob.ListViewItem1: ListViewItem1()
com.stepjump.goodjob.MainActivity2: MainActivity2()
com.stepjump.goodjob.RegisterUpdateActivity: RegisterUpdateActivity()
com.stepjump.goodjob.LoginActivity: LoginActivity()
com.stepjump.goodjob.Main_PassActivity: Main_PassActivity()
com.stepjump.goodjob.MainActivity: MainActivity()
com.stepjump.goodjob.ListViewItem2: ListViewItem2()
com.stepjump.goodjob.RegisterActivity: RegisterActivity()
com.stepjump.goodjob.OpenActivity: OpenActivity()
com.stepjump.goodjob.ListActivity2: void OnClickHandler_sel_fdate(android.view.View)
com.stepjump.goodjob.ListActivity2: void OnClickHandler_sel_tdate(android.view.View)
com.stepjump.goodjob.ListActivity2: ListActivity2()
com.stepjump.goodjob.ListActivity: ListActivity()
com.stepjump.goodjob.ListModifyActivity: ListModifyActivity()
com.stepjump.goodjob.ListActivity1: void OnClickHandler_sel_fdate(android.view.View)
com.stepjump.goodjob.MainActivity2: void OnClickHandler_date(android.view.View)
com.stepjump.goodjob.ListActivity1: void OnClickHandler_sel_tdate(android.view.View)
...
androidx.work.impl.workers.CombineContinuationsWorker: CombineContinuationsWorker(android.content.Context,androidx.work.WorkerParameters)
androidx.appcompat.widget.Toolbar: void setTitleTextColor(int)
androidx.lifecycle.ViewModel: ViewModel()
androidx.work.ExistingWorkPolicy: androidx.work.ExistingWorkPolicy valueOf(java.lang.String)
androidx.core.view.WindowInsetsCompat$Impl: boolean isRound()
androidx.work.Worker: com.google.common.util.concurrent.ListenableFuture startWork()
com.google.android.gms.ads.mediation.customevent.CustomEventBanner: void onResume()
androidx.core.graphics.drawable.IconCompatParcelizer: androidx.core.graphics.drawable.IconCompat read(androidx.versionedparcelable.VersionedParcel)
com.google.android.gms.ads.nativead.NativeAdView: android.view.View getStoreView()
androidx.appcompat.widget.AppCompatMultiAutoCompleteTextView: void setDropDownBackgroundResource(int)
androidx.appcompat.view.menu.ActionMenuItemView: void setTitle(java.lang.CharSequence)
androidx.core.view.WindowInsetsCompat$BuilderImpl29: void setMandatorySystemGestureInsets(androidx.core.graphics.Insets)
androidx.core.graphics.drawable.IconCompatParcelizer: void write(androidx.core.graphics.drawable.IconCompat,androidx.versionedparcelable.VersionedParcel)
androidx.core.view.WindowInsetsCompat$Impl30: WindowInsetsCompat$Impl30(androidx.core.view.WindowInsetsCompat,android.view.WindowInsets)
com.google.android.gms.internal.ads.zzfgi: com.google.android.gms.internal.ads.zzfgi[] values()
androidx.appcompat.widget.FitWindowsFrameLayout: void setOnFitSystemWindowsListener(androidx.appcompat.widget.FitWindowsViewGroup$OnFitSystemWindowsListener)
com.google.android.gms.internal.ads.zzfgk: com.google.android.gms.internal.ads.zzfgk[] values()
androidx.constraintlayout.solver.widgets.ConstraintAnchor$ConnectionType: androidx.constraintlayout.solver.widgets.ConstraintAnchor$ConnectionType valueOf(java.lang.String)
androidx.lifecycle.ReportFragment$LifecycleCallbacks: void onActivityPreDestroyed(android.app.Activity)
androidx.appcompat.widget.LinearLayoutCompat: int getDividerWidth()
androidx.work.ArrayCreatingInputMerger: ArrayCreatingInputMerger()
androidx.recyclerview.widget.LinearLayoutManager: LinearLayoutManager(android.content.Context,android.util.AttributeSet,int,int)
androidx.appcompat.widget.LinearLayoutCompat: void setDividerDrawable(android.graphics.drawable.Drawable)
androidx.core.app.CoreComponentFactory: CoreComponentFactory()
androidx.appcompat.widget.AppCompatCheckedTextView: void setCustomSelectionActionModeCallback(android.view.ActionMode$Callback)
androidx.appcompat.widget.ContentFrameLayout: android.util.TypedValue getFixedWidthMinor()
androidx.appcompat.widget.AppCompatTextView: int getAutoSizeTextType()
androidx.recyclerview.widget.RecyclerView: androidx.recyclerview.widget.RecyclerView$RecycledViewPool getRecycledViewPool()
androidx.appcompat.widget.ActionBarContainer: void setTransitioning(boolean)
androidx.core.view.WindowInsetsCompat$Impl: androidx.core.graphics.Insets getTappableElementInsets()
androidx.appcompat.widget.AppCompatMultiAutoCompleteTextView: void setSupportBackgroundTintList(android.content.res.ColorStateList)
androidx.work.ListenableWorker: android.net.Network getNetwork()
androidx.appcompat.widget.Toolbar: void setPopupTheme(int)
androidx.appcompat.widget.SearchView$SearchAutoComplete: int getSearchViewTextMinWidthDp()
com.google.android.gms.ads.nativead.NativeAdView: void setImageView(android.view.View)
androidx.lifecycle.LifecycleService: LifecycleService()
androidx.appcompat.widget.LinearLayoutCompat: void setGravity(int)
androidx.core.view.WindowInsetsCompat$Impl: androidx.core.graphics.Insets getMandatorySystemGestureInsets()
androidx.appcompat.widget.AppCompatTextView: void setSupportBackgroundTintList(android.content.res.ColorStateList)
androidx.appcompat.widget.Toolbar: void setLogoDescription(java.lang.CharSequence)
androidx.core.content.FileProvider: FileProvider()