GOOD-JOB_2022-0511-(16.2.5)/app/build/outputs/mapping/release/usage.txt
com.stepjump.goodjob.BuildConfig
com.stepjump.goodjob.CommitRequest:
    private static final java.lang.String URL
com.stepjump.goodjob.List1Request:
    private static final java.lang.String URL
com.stepjump.goodjob.List2Request:
    private static final java.lang.String URL
com.stepjump.goodjob.ListActivity1:
    android.widget.ArrayAdapter adapter
    android.widget.ListView listview
com.stepjump.goodjob.ListActivity2:
    android.widget.ArrayAdapter adapter
    android.widget.ListView listview
com.stepjump.goodjob.ListModifyDeleteRequest:
    private static final java.lang.String URL
com.stepjump.goodjob.ListModifyRequest:
    private static final java.lang.String URL
com.stepjump.goodjob.ListRequest:
    private static final java.lang.String URL
com.stepjump.goodjob.LoginRequest:
    private static final java.lang.String URL
com.stepjump.goodjob.MainActivity1
com.stepjump.goodjob.MainRequest2:
    private static final java.lang.String URL
com.stepjump.goodjob.MainRequest:
    private static final java.lang.String URL
com.stepjump.goodjob.Main_PassActivity:
    private android.widget.Button btnMchange
com.stepjump.goodjob.OpenRequest2:
    private static final java.lang.String URL
com.stepjump.goodjob.OpenRequest:
    private static final java.lang.String URL
com.stepjump.goodjob.R$anim
com.stepjump.goodjob.R$attr
com.stepjump.goodjob.R$bool
com.stepjump.goodjob.R$color
com.stepjump.goodjob.R$dimen
com.stepjump.goodjob.R$drawable
com.stepjump.goodjob.R$id
com.stepjump.goodjob.R$integer
com.stepjump.goodjob.R$interpolator
com.stepjump.goodjob.R$layout
com.stepjump.goodjob.R$mipmap
com.stepjump.goodjob.R$string
com.stepjump.goodjob.R$style
com.stepjump.goodjob.R$styleable
com.stepjump.goodjob.R$xml
com.stepjump.goodjob.R
com.stepjump.goodjob.RegisterRequest:
    private static final java.lang.String URL
com.stepjump.goodjob.RegisterUpdateRequest:
    private static final java.lang.String URL
com.stepjump.goodjob.AdminActivity$1$1$1:
    public void onResponse(java.lang.String)
com.stepjump.goodjob.AdminActivity$1$2:
    public final synthetic com.stepjump.goodjob.AdminActivity$1 this$1
com.stepjump.goodjob.AdminActivity$2$1:
    public void onResponse(java.lang.String)
com.stepjump.goodjob.AdminActivity:
    public android.widget.EditText password_text
    public java.lang.String rv_name_temp
com.stepjump.goodjob.ListActivity$1$2:
    public final synthetic com.stepjump.goodjob.ListActivity$1 this$1
com.stepjump.goodjob.ListActivity1$2$1:
    public void onResponse(java.lang.String)
com.stepjump.goodjob.ListActivity1:
    public java.lang.String list_item
    public void InitializeListener_date()
    public void InitializeListener_tdate()
    public void InitializeView()
    public static synthetic android.widget.TextView access$000(com.stepjump.goodjob.ListActivity1)
    public static synthetic android.widget.TextView access$100(com.stepjump.goodjob.ListActivity1)
com.stepjump.goodjob.ListActivity2$2$1:
    public void onResponse(java.lang.String)
com.stepjump.goodjob.ListActivity2:
    public java.lang.String list_item
    public void InitializeListener_date()
    public void InitializeListener_tdate()
    public void InitializeView()
    public static synthetic android.widget.TextView access$000(com.stepjump.goodjob.ListActivity2)
    public static synthetic android.widget.TextView access$100(com.stepjump.goodjob.ListActivity2)
com.stepjump.goodjob.ListModifyActivity$3$1:
    public void onResponse(java.lang.String)
com.stepjump.goodjob.ListModifyActivity$4$1:
    public void onResponse(java.lang.String)
com.stepjump.goodjob.ListModifyActivity:
    public int checked
    public int listno
    public static synthetic android.widget.TextView access$000(com.stepjump.goodjob.ListModifyActivity)
    public static synthetic android.widget.EditText access$100(com.stepjump.goodjob.ListModifyActivity)
    public static synthetic android.widget.EditText access$200(com.stepjump.goodjob.ListModifyActivity)
...
com.google.android.gms.internal.ads.zzcub
com.google.android.gms.internal.ads.zzcuc:
    public final synchronized void zzc()
    public final synchronized void zzd()
com.google.android.gms.internal.ads.zzcud:
    public abstract com.google.android.gms.internal.ads.zzcuq zzh()
    public abstract com.google.android.gms.internal.ads.zzdsr zzi()
com.google.android.gms.internal.ads.zzcue:
    public final com.google.android.gms.internal.ads.zzcml zza()
    public final android.view.View zzb()
    public final com.google.android.gms.internal.ads.zzfaa zzc()
    public final int zzd()
    public final boolean zze()
    public final boolean zzf()
com.google.android.gms.internal.ads.zzcuf
com.google.android.gms.internal.ads.zzcug:
    public final java.lang.Object zza
    private void $r8$constructor$com$google$android$gms$internal$ads$zzcug(com.google.android.gms.internal.ads.zzcue,com.google.android.gms.internal.ads.zzgln)
    private void $r8$constructor$com$google$android$gms$internal$ads$zzcvw(com.google.android.gms.internal.ads.zzehq,com.google.android.gms.internal.ads.zzgln)
    private void $r8$constructor$com$google$android$gms$internal$ads$zzcyq(com.google.android.gms.internal.ads.zzbjr,com.google.android.gms.internal.ads.zzgln)
    private void $r8$constructor$com$google$android$gms$internal$ads$zzczm(com.google.android.gms.internal.ads.zzcft,com.google.android.gms.internal.ads.zzgln)
    private void $r8$constructor$com$google$android$gms$internal$ads$zzczx(com.google.android.gms.internal.ads.zzcfu,com.google.android.gms.internal.ads.zzgln)
    private void $r8$constructor$com$google$android$gms$internal$ads$zzdjs(com.google.android.gms.internal.ads.zzdkw,com.google.android.gms.internal.ads.zzgln)
    private void $r8$constructor$com$google$android$gms$internal$ads$zzdom(com.google.android.gms.internal.ads.zzdol,com.google.android.gms.internal.ads.zzgln)
    private final synthetic bridge java.lang.Object zzb$com$google$android$gms$internal$ads$zzcug()
    private final synthetic bridge java.lang.Object zzb$com$google$android$gms$internal$ads$zzcvw()
com.google.android.gms.internal.ads.zzcuh
com.google.android.gms.internal.ads.zzcui
com.google.android.gms.internal.ads.zzcuj
com.google.android.gms.internal.ads.zzcul:
    public static synthetic com.google.android.gms.internal.ads.zzcum zza()
com.google.android.gms.internal.ads.zzcum:
    private void $r8$constructor$com$google$android$gms$internal$ads$zzcum()
    private void $r8$constructor$com$google$android$gms$internal$ads$zzdza()
    private void $r8$constructor$com$google$android$gms$internal$ads$zzelo()
    private void $r8$constructor$com$google$android$gms$internal$ads$zzfdo()
    public static com.google.android.gms.internal.ads.zzcum zza()
    public static com.google.android.gms.internal.ads.zzcum zza$1()
    public static com.google.android.gms.internal.ads.zzcum zza$2()
    public static com.google.android.gms.internal.ads.zzcum zza$3()
    private final java.lang.Object zzb$com$google$android$gms$internal$ads$zzcum()
    private final synthetic bridge java.lang.Object zzb$com$google$android$gms$internal$ads$zzdza()
    private final synthetic bridge java.lang.Object zzb$com$google$android$gms$internal$ads$zzelo()
    private final synthetic bridge java.lang.Object zzb$com$google$android$gms$internal$ads$zzfdo()
com.google.android.gms.internal.ads.zzcun:
    public static synthetic com.google.android.gms.internal.ads.zzcuo zza()